Error: There are no available targets
    at LoadBalancer._connectToTarget (C:\Users\cadua\AppData\Roaming\npm\node_modules\loadbalancer\loadbalancer.js:169:14)
    at LoadBalancer._acceptConnection (C:\Users\cadua\AppData\Roaming\npm\node_modules\loadbalancer\loadbalancer.js:311:8)
    at C:\Users\cadua\AppData\Roaming\npm\node_modules\loadbalancer\loadbalancer.js:281:12
    at C:\Users\cadua\AppData\Roaming\npm\node_modules\loadbalancer\loadbalancer.js:228:7
    at async.eachSeries (C:\Users\cadua\AppData\Roaming\npm\node_modules\loadbalancer\node_modules\async\lib\async.js:145:20)
    at go (C:\Users\cadua\AppData\Roaming\npm\node_modules\loadbalancer\node_modules\async\lib\async.js:1079:20)
    at _applyEach (C:\Users\cadua\AppData\Roaming\npm\node_modules\loadbalancer\node_modules\async\lib\async.js:1086:23)
    at Object.applyEachSeries (C:\Users\cadua\AppData\Roaming\npm\node_modules\loadbalancer\node_modules\async\lib\async.js:231:23)
    at LoadBalancer._verifyConnection (C:\Users\cadua\AppData\Roaming\npm\node_modules\loadbalancer\loadbalancer.js:223:9)
    at LoadBalancer._handleConnection (C:\Users\cadua\AppData\Roaming\npm\node_modules\loadbalancer\loadbalancer.js:277:8)
Error: There are no available targets
    at LoadBalancer._connectToTarget (C:\Users\cadua\AppData\Roaming\npm\node_modules\loadbalancer\loadbalancer.js:169:14)
    at LoadBalancer._acceptConnection (C:\Users\cadua\AppData\Roaming\npm\node_modules\loadbalancer\loadbalancer.js:311:8)
    at C:\Users\cadua\AppData\Roaming\npm\node_modules\loadbalancer\loadbalancer.js:281:12
    at C:\Users\cadua\AppData\Roaming\npm\node_modules\loadbalancer\loadbalancer.js:228:7
    at async.eachSeries (C:\Users\cadua\AppData\Roaming\npm\node_modules\loadbalancer\node_modules\async\lib\async.js:145:20)
    at go (C:\Users\cadua\AppData\Roaming\npm\node_modules\loadbalancer\node_modules\async\lib\async.js:1079:20)
    at _applyEach (C:\Users\cadua\AppData\Roaming\npm\node_modules\loadbalancer\node_modules\async\lib\async.js:1086:23)
    at Object.applyEachSeries (C:\Users\cadua\AppData\Roaming\npm\node_modules\loadbalancer\node_modules\async\lib\async.js:231:23)
    at LoadBalancer._verifyConnection (C:\Users\cadua\AppData\Roaming\npm\node_modules\loadbalancer\loadbalancer.js:223:9)
    at LoadBalancer._handleConnection (C:\Users\cadua\AppData\Roaming\npm\node_modules\loadbalancer\loadbalancer.js:277:8)
Error: There are no available targets
    at LoadBalancer._connectToTarget (C:\Users\cadua\AppData\Roaming\npm\node_modules\loadbalancer\loadbalancer.js:169:14)
    at LoadBalancer._acceptConnection (C:\Users\cadua\AppData\Roaming\npm\node_modules\loadbalancer\loadbalancer.js:311:8)
    at C:\Users\cadua\AppData\Roaming\npm\node_modules\loadbalancer\loadbalancer.js:281:12
    at C:\Users\cadua\AppData\Roaming\npm\node_modules\loadbalancer\loadbalancer.js:228:7
    at async.eachSeries (C:\Users\cadua\AppData\Roaming\npm\node_modules\loadbalancer\node_modules\async\lib\async.js:145:20)
    at go (C:\Users\cadua\AppData\Roaming\npm\node_modules\loadbalancer\node_modules\async\lib\async.js:1079:20)
    at _applyEach (C:\Users\cadua\AppData\Roaming\npm\node_modules\loadbalancer\node_modules\async\lib\async.js:1086:23)
    at Object.applyEachSeries (C:\Users\cadua\AppData\Roaming\npm\node_modules\loadbalancer\node_modules\async\lib\async.js:231:23)
    at LoadBalancer._verifyConnection (C:\Users\cadua\AppData\Roaming\npm\node_modules\loadbalancer\loadbalancer.js:223:9)
    at LoadBalancer._handleConnection (C:\Users\cadua\AppData\Roaming\npm\node_modules\loadbalancer\loadbalancer.js:277:8)
Error: There are no available targets
    at LoadBalancer._connectToTarget (C:\Users\cadua\AppData\Roaming\npm\node_modules\loadbalancer\loadbalancer.js:169:14)
    at LoadBalancer._acceptConnection (C:\Users\cadua\AppData\Roaming\npm\node_modules\loadbalancer\loadbalancer.js:311:8)
    at C:\Users\cadua\AppData\Roaming\npm\node_modules\loadbalancer\loadbalancer.js:281:12
    at C:\Users\cadua\AppData\Roaming\npm\node_modules\loadbalancer\loadbalancer.js:228:7
    at async.eachSeries (C:\Users\cadua\AppData\Roaming\npm\node_modules\loadbalancer\node_modules\async\lib\async.js:145:20)
    at go (C:\Users\cadua\AppData\Roaming\npm\node_modules\loadbalancer\node_modules\async\lib\async.js:1079:20)
    at _applyEach (C:\Users\cadua\AppData\Roaming\npm\node_modules\loadbalancer\node_modules\async\lib\async.js:1086:23)
    at Object.applyEachSeries (C:\Users\cadua\AppData\Roaming\npm\node_modules\loadbalancer\node_modules\async\lib\async.js:231:23)
    at LoadBalancer._verifyConnection (C:\Users\cadua\AppData\Roaming\npm\node_modules\loadbalancer\loadbalancer.js:223:9)
    at LoadBalancer._handleConnection (C:\Users\cadua\AppData\Roaming\npm\node_modules\loadbalancer\loadbalancer.js:277:8)
Error: There are no available targets
    at LoadBalancer._connectToTarget (C:\Users\cadua\AppData\Roaming\npm\node_modules\loadbalancer\loadbalancer.js:169:14)
    at LoadBalancer._acceptConnection (C:\Users\cadua\AppData\Roaming\npm\node_modules\loadbalancer\loadbalancer.js:311:8)
    at C:\Users\cadua\AppData\Roaming\npm\node_modules\loadbalancer\loadbalancer.js:281:12
    at C:\Users\cadua\AppData\Roaming\npm\node_modules\loadbalancer\loadbalancer.js:228:7
    at async.eachSeries (C:\Users\cadua\AppData\Roaming\npm\node_modules\loadbalancer\node_modules\async\lib\async.js:145:20)
    at go (C:\Users\cadua\AppData\Roaming\npm\node_modules\loadbalancer\node_modules\async\lib\async.js:1079:20)
    at _applyEach (C:\Users\cadua\AppData\Roaming\npm\node_modules\loadbalancer\node_modules\async\lib\async.js:1086:23)
    at Object.applyEachSeries (C:\Users\cadua\AppData\Roaming\npm\node_modules\loadbalancer\node_modules\async\lib\async.js:231:23)
    at LoadBalancer._verifyConnection (C:\Users\cadua\AppData\Roaming\npm\node_modules\loadbalancer\loadbalancer.js:223:9)
    at LoadBalancer._handleConnection (C:\Users\cadua\AppData\Roaming\npm\node_modules\loadbalancer\loadbalancer.js:277:8)
Error: There are no available targets
    at LoadBalancer._connectToTarget (C:\Users\cadua\AppData\Roaming\npm\node_modules\loadbalancer\loadbalancer.js:169:14)
    at LoadBalancer._acceptConnection (C:\Users\cadua\AppData\Roaming\npm\node_modules\loadbalancer\loadbalancer.js:311:8)
    at C:\Users\cadua\AppData\Roaming\npm\node_modules\loadbalancer\loadbalancer.js:281:12
    at C:\Users\cadua\AppData\Roaming\npm\node_modules\loadbalancer\loadbalancer.js:228:7
    at async.eachSeries (C:\Users\cadua\AppData\Roaming\npm\node_modules\loadbalancer\node_modules\async\lib\async.js:145:20)
    at go (C:\Users\cadua\AppData\Roaming\npm\node_modules\loadbalancer\node_modules\async\lib\async.js:1079:20)
    at _applyEach (C:\Users\cadua\AppData\Roaming\npm\node_modules\loadbalancer\node_modules\async\lib\async.js:1086:23)
    at Object.applyEachSeries (C:\Users\cadua\AppData\Roaming\npm\node_modules\loadbalancer\node_modules\async\lib\async.js:231:23)
    at LoadBalancer._verifyConnection (C:\Users\cadua\AppData\Roaming\npm\node_modules\loadbalancer\loadbalancer.js:223:9)
    at LoadBalancer._handleConnection (C:\Users\cadua\AppData\Roaming\npm\node_modules\loadbalancer\loadbalancer.js:277:8)
Error: There are no available targets
    at LoadBalancer._connectToTarget (C:\Users\cadua\AppData\Roaming\npm\node_modules\loadbalancer\loadbalancer.js:169:14)
    at LoadBalancer._acceptConnection (C:\Users\cadua\AppData\Roaming\npm\node_modules\loadbalancer\loadbalancer.js:311:8)
    at C:\Users\cadua\AppData\Roaming\npm\node_modules\loadbalancer\loadbalancer.js:281:12
    at C:\Users\cadua\AppData\Roaming\npm\node_modules\loadbalancer\loadbalancer.js:228:7
    at async.eachSeries (C:\Users\cadua\AppData\Roaming\npm\node_modules\loadbalancer\node_modules\async\lib\async.js:145:20)
    at go (C:\Users\cadua\AppData\Roaming\npm\node_modules\loadbalancer\node_modules\async\lib\async.js:1079:20)
    at _applyEach (C:\Users\cadua\AppData\Roaming\npm\node_modules\loadbalancer\node_modules\async\lib\async.js:1086:23)
    at Object.applyEachSeries (C:\Users\cadua\AppData\Roaming\npm\node_modules\loadbalancer\node_modules\async\lib\async.js:231:23)
    at LoadBalancer._verifyConnection (C:\Users\cadua\AppData\Roaming\npm\node_modules\loadbalancer\loadbalancer.js:223:9)
    at LoadBalancer._handleConnection (C:\Users\cadua\AppData\Roaming\npm\node_modules\loadbalancer\loadbalancer.js:277:8)
Error: There are no available targets
    at LoadBalancer._connectToTarget (C:\Users\cadua\AppData\Roaming\npm\node_modules\loadbalancer\loadbalancer.js:169:14)
    at LoadBalancer._acceptConnection (C:\Users\cadua\AppData\Roaming\npm\node_modules\loadbalancer\loadbalancer.js:311:8)
    at C:\Users\cadua\AppData\Roaming\npm\node_modules\loadbalancer\loadbalancer.js:281:12
    at C:\Users\cadua\AppData\Roaming\npm\node_modules\loadbalancer\loadbalancer.js:228:7
    at async.eachSeries (C:\Users\cadua\AppData\Roaming\npm\node_modules\loadbalancer\node_modules\async\lib\async.js:145:20)
    at go (C:\Users\cadua\AppData\Roaming\npm\node_modules\loadbalancer\node_modules\async\lib\async.js:1079:20)
    at _applyEach (C:\Users\cadua\AppData\Roaming\npm\node_modules\loadbalancer\node_modules\async\lib\async.js:1086:23)
    at Object.applyEachSeries (C:\Users\cadua\AppData\Roaming\npm\node_modules\loadbalancer\node_modules\async\lib\async.js:231:23)
    at LoadBalancer._verifyConnection (C:\Users\cadua\AppData\Roaming\npm\node_modules\loadbalancer\loadbalancer.js:223:9)
    at LoadBalancer._handleConnection (C:\Users\cadua\AppData\Roaming\npm\node_modules\loadbalancer\loadbalancer.js:277:8)
Error: There are no available targets
    at LoadBalancer._connectToTarget (C:\Users\cadua\AppData\Roaming\npm\node_modules\loadbalancer\loadbalancer.js:169:14)
    at LoadBalancer._acceptConnection (C:\Users\cadua\AppData\Roaming\npm\node_modules\loadbalancer\loadbalancer.js:311:8)
    at C:\Users\cadua\AppData\Roaming\npm\node_modules\loadbalancer\loadbalancer.js:281:12
    at C:\Users\cadua\AppData\Roaming\npm\node_modules\loadbalancer\loadbalancer.js:228:7
    at async.eachSeries (C:\Users\cadua\AppData\Roaming\npm\node_modules\loadbalancer\node_modules\async\lib\async.js:145:20)
    at go (C:\Users\cadua\AppData\Roaming\npm\node_modules\loadbalancer\node_modules\async\lib\async.js:1079:20)
    at _applyEach (C:\Users\cadua\AppData\Roaming\npm\node_modules\loadbalancer\node_modules\async\lib\async.js:1086:23)
    at Object.applyEachSeries (C:\Users\cadua\AppData\Roaming\npm\node_modules\loadbalancer\node_modules\async\lib\async.js:231:23)
    at LoadBalancer._verifyConnection (C:\Users\cadua\AppData\Roaming\npm\node_modules\loadbalancer\loadbalancer.js:223:9)
    at LoadBalancer._handleConnection (C:\Users\cadua\AppData\Roaming\npm\node_modules\loadbalancer\loadbalancer.js:277:8)
Error: There are no available targets
    at LoadBalancer._connectToTarget (C:\Users\cadua\AppData\Roaming\npm\node_modules\loadbalancer\loadbalancer.js:169:14)
    at LoadBalancer._acceptConnection (C:\Users\cadua\AppData\Roaming\npm\node_modules\loadbalancer\loadbalancer.js:311:8)
    at C:\Users\cadua\AppData\Roaming\npm\node_modules\loadbalancer\loadbalancer.js:281:12
    at C:\Users\cadua\AppData\Roaming\npm\node_modules\loadbalancer\loadbalancer.js:228:7
    at async.eachSeries (C:\Users\cadua\AppData\Roaming\npm\node_modules\loadbalancer\node_modules\async\lib\async.js:145:20)
    at go (C:\Users\cadua\AppData\Roaming\npm\node_modules\loadbalancer\node_modules\async\lib\async.js:1079:20)
    at _applyEach (C:\Users\cadua\AppData\Roaming\npm\node_modules\loadbalancer\node_modules\async\lib\async.js:1086:23)
    at Object.applyEachSeries (C:\Users\cadua\AppData\Roaming\npm\node_modules\loadbalancer\node_modules\async\lib\async.js:231:23)
    at LoadBalancer._verifyConnection (C:\Users\cadua\AppData\Roaming\npm\node_modules\loadbalancer\loadbalancer.js:223:9)
    at LoadBalancer._handleConnection (C:\Users\cadua\AppData\Roaming\npm\node_modules\loadbalancer\loadbalancer.js:277:8)
Error: There are no available targets
    at LoadBalancer._connectToTarget (C:\Users\cadua\AppData\Roaming\npm\node_modules\loadbalancer\loadbalancer.js:169:14)
    at LoadBalancer._acceptConnection (C:\Users\cadua\AppData\Roaming\npm\node_modules\loadbalancer\loadbalancer.js:311:8)
    at C:\Users\cadua\AppData\Roaming\npm\node_modules\loadbalancer\loadbalancer.js:281:12
    at C:\Users\cadua\AppData\Roaming\npm\node_modules\loadbalancer\loadbalancer.js:228:7
    at async.eachSeries (C:\Users\cadua\AppData\Roaming\npm\node_modules\loadbalancer\node_modules\async\lib\async.js:145:20)
    at go (C:\Users\cadua\AppData\Roaming\npm\node_modules\loadbalancer\node_modules\async\lib\async.js:1079:20)
    at _applyEach (C:\Users\cadua\AppData\Roaming\npm\node_modules\loadbalancer\node_modules\async\lib\async.js:1086:23)
    at Object.applyEachSeries (C:\Users\cadua\AppData\Roaming\npm\node_modules\loadbalancer\node_modules\async\lib\async.js:231:23)
    at LoadBalancer._verifyConnection (C:\Users\cadua\AppData\Roaming\npm\node_modules\loadbalancer\loadbalancer.js:223:9)
    at LoadBalancer._handleConnection (C:\Users\cadua\AppData\Roaming\npm\node_modules\loadbalancer\loadbalancer.js:277:8)
Error: There are no available targets
    at LoadBalancer._connectToTarget (C:\Users\cadua\AppData\Roaming\npm\node_modules\loadbalancer\loadbalancer.js:169:14)
    at LoadBalancer._acceptConnection (C:\Users\cadua\AppData\Roaming\npm\node_modules\loadbalancer\loadbalancer.js:311:8)
    at C:\Users\cadua\AppData\Roaming\npm\node_modules\loadbalancer\loadbalancer.js:281:12
    at C:\Users\cadua\AppData\Roaming\npm\node_modules\loadbalancer\loadbalancer.js:228:7
    at async.eachSeries (C:\Users\cadua\AppData\Roaming\npm\node_modules\loadbalancer\node_modules\async\lib\async.js:145:20)
    at go (C:\Users\cadua\AppData\Roaming\npm\node_modules\loadbalancer\node_modules\async\lib\async.js:1079:20)
    at _applyEach (C:\Users\cadua\AppData\Roaming\npm\node_modules\loadbalancer\node_modules\async\lib\async.js:1086:23)
    at Object.applyEachSeries (C:\Users\cadua\AppData\Roaming\npm\node_modules\loadbalancer\node_modules\async\lib\async.js:231:23)
    at LoadBalancer._verifyConnection (C:\Users\cadua\AppData\Roaming\npm\node_modules\loadbalancer\loadbalancer.js:223:9)
    at LoadBalancer._handleConnection (C:\Users\cadua\AppData\Roaming\npm\node_modules\loadbalancer\loadbalancer.js:277:8)
Error: There are no available targets
    at LoadBalancer._connectToTarget (C:\Users\cadua\AppData\Roaming\npm\node_modules\loadbalancer\loadbalancer.js:169:14)
    at LoadBalancer._acceptConnection (C:\Users\cadua\AppData\Roaming\npm\node_modules\loadbalancer\loadbalancer.js:311:8)
    at C:\Users\cadua\AppData\Roaming\npm\node_modules\loadbalancer\loadbalancer.js:281:12
    at C:\Users\cadua\AppData\Roaming\npm\node_modules\loadbalancer\loadbalancer.js:228:7
    at async.eachSeries (C:\Users\cadua\AppData\Roaming\npm\node_modules\loadbalancer\node_modules\async\lib\async.js:145:20)
    at go (C:\Users\cadua\AppData\Roaming\npm\node_modules\loadbalancer\node_modules\async\lib\async.js:1079:20)
    at _applyEach (C:\Users\cadua\AppData\Roaming\npm\node_modules\loadbalancer\node_modules\async\lib\async.js:1086:23)
    at Object.applyEachSeries (C:\Users\cadua\AppData\Roaming\npm\node_modules\loadbalancer\node_modules\async\lib\async.js:231:23)
    at LoadBalancer._verifyConnection (C:\Users\cadua\AppData\Roaming\npm\node_modules\loadbalancer\loadbalancer.js:223:9)
    at LoadBalancer._handleConnection (C:\Users\cadua\AppData\Roaming\npm\node_modules\loadbalancer\loadbalancer.js:277:8)
Error: There are no available targets
    at LoadBalancer._connectToTarget (C:\Users\cadua\AppData\Roaming\npm\node_modules\loadbalancer\loadbalancer.js:169:14)
    at LoadBalancer._acceptConnection (C:\Users\cadua\AppData\Roaming\npm\node_modules\loadbalancer\loadbalancer.js:311:8)
    at C:\Users\cadua\AppData\Roaming\npm\node_modules\loadbalancer\loadbalancer.js:281:12
    at C:\Users\cadua\AppData\Roaming\npm\node_modules\loadbalancer\loadbalancer.js:228:7
    at async.eachSeries (C:\Users\cadua\AppData\Roaming\npm\node_modules\loadbalancer\node_modules\async\lib\async.js:145:20)
    at go (C:\Users\cadua\AppData\Roaming\npm\node_modules\loadbalancer\node_modules\async\lib\async.js:1079:20)
    at _applyEach (C:\Users\cadua\AppData\Roaming\npm\node_modules\loadbalancer\node_modules\async\lib\async.js:1086:23)
    at Object.applyEachSeries (C:\Users\cadua\AppData\Roaming\npm\node_modules\loadbalancer\node_modules\async\lib\async.js:231:23)
    at LoadBalancer._verifyConnection (C:\Users\cadua\AppData\Roaming\npm\node_modules\loadbalancer\loadbalancer.js:223:9)
    at LoadBalancer._handleConnection (C:\Users\cadua\AppData\Roaming\npm\node_modules\loadbalancer\loadbalancer.js:277:8)
Error: There are no available targets
    at LoadBalancer._connectToTarget (C:\Users\cadua\AppData\Roaming\npm\node_modules\loadbalancer\loadbalancer.js:169:14)
    at LoadBalancer._acceptConnection (C:\Users\cadua\AppData\Roaming\npm\node_modules\loadbalancer\loadbalancer.js:311:8)
    at C:\Users\cadua\AppData\Roaming\npm\node_modules\loadbalancer\loadbalancer.js:281:12
    at C:\Users\cadua\AppData\Roaming\npm\node_modules\loadbalancer\loadbalancer.js:228:7
    at async.eachSeries (C:\Users\cadua\AppData\Roaming\npm\node_modules\loadbalancer\node_modules\async\lib\async.js:145:20)
    at go (C:\Users\cadua\AppData\Roaming\npm\node_modules\loadbalancer\node_modules\async\lib\async.js:1079:20)
    at _applyEach (C:\Users\cadua\AppData\Roaming\npm\node_modules\loadbalancer\node_modules\async\lib\async.js:1086:23)
    at Object.applyEachSeries (C:\Users\cadua\AppData\Roaming\npm\node_modules\loadbalancer\node_modules\async\lib\async.js:231:23)
    at LoadBalancer._verifyConnection (C:\Users\cadua\AppData\Roaming\npm\node_modules\loadbalancer\loadbalancer.js:223:9)
    at LoadBalancer._handleConnection (C:\Users\cadua\AppData\Roaming\npm\node_modules\loadbalancer\loadbalancer.js:277:8)
Error: There are no available targets
    at LoadBalancer._connectToTarget (C:\Users\cadua\AppData\Roaming\npm\node_modules\loadbalancer\loadbalancer.js:169:14)
    at C:\Users\cadua\AppData\Roaming\npm\node_modules\loadbalancer\loadbalancer.js:201:16
    at processTicksAndRejections (internal/process/task_queues.js:79:11)
Error: There are no available targets
    at LoadBalancer._connectToTarget (C:\Users\cadua\AppData\Roaming\npm\node_modules\loadbalancer\loadbalancer.js:169:14)
    at C:\Users\cadua\AppData\Roaming\npm\node_modules\loadbalancer\loadbalancer.js:201:16
    at processTicksAndRejections (internal/process/task_queues.js:79:11)
Error: There are no available targets
    at LoadBalancer._connectToTarget (C:\Users\cadua\AppData\Roaming\npm\node_modules\loadbalancer\loadbalancer.js:169:14)
    at C:\Users\cadua\AppData\Roaming\npm\node_modules\loadbalancer\loadbalancer.js:201:16
    at processTicksAndRejections (internal/process/task_queues.js:79:11)
Error: There are no available targets
    at LoadBalancer._connectToTarget (C:\Users\cadua\AppData\Roaming\npm\node_modules\loadbalancer\loadbalancer.js:169:14)
    at LoadBalancer._acceptConnection (C:\Users\cadua\AppData\Roaming\npm\node_modules\loadbalancer\loadbalancer.js:311:8)
    at C:\Users\cadua\AppData\Roaming\npm\node_modules\loadbalancer\loadbalancer.js:281:12
    at C:\Users\cadua\AppData\Roaming\npm\node_modules\loadbalancer\loadbalancer.js:228:7
    at async.eachSeries (C:\Users\cadua\AppData\Roaming\npm\node_modules\loadbalancer\node_modules\async\lib\async.js:145:20)
    at go (C:\Users\cadua\AppData\Roaming\npm\node_modules\loadbalancer\node_modules\async\lib\async.js:1079:20)
    at _applyEach (C:\Users\cadua\AppData\Roaming\npm\node_modules\loadbalancer\node_modules\async\lib\async.js:1086:23)
    at Object.applyEachSeries (C:\Users\cadua\AppData\Roaming\npm\node_modules\loadbalancer\node_modules\async\lib\async.js:231:23)
    at LoadBalancer._verifyConnection (C:\Users\cadua\AppData\Roaming\npm\node_modules\loadbalancer\loadbalancer.js:223:9)
    at LoadBalancer._handleConnection (C:\Users\cadua\AppData\Roaming\npm\node_modules\loadbalancer\loadbalancer.js:277:8)
Error: There are no available targets
    at LoadBalancer._connectToTarget (C:\Users\cadua\AppData\Roaming\npm\node_modules\loadbalancer\loadbalancer.js:169:14)
    at C:\Users\cadua\AppData\Roaming\npm\node_modules\loadbalancer\loadbalancer.js:201:16
    at processTicksAndRejections (internal/process/task_queues.js:79:11)
Error: There are no available targets
    at LoadBalancer._connectToTarget (C:\Users\cadua\AppData\Roaming\npm\node_modules\loadbalancer\loadbalancer.js:169:14)
    at LoadBalancer._acceptConnection (C:\Users\cadua\AppData\Roaming\npm\node_modules\loadbalancer\loadbalancer.js:311:8)
    at C:\Users\cadua\AppData\Roaming\npm\node_modules\loadbalancer\loadbalancer.js:281:12
    at C:\Users\cadua\AppData\Roaming\npm\node_modules\loadbalancer\loadbalancer.js:228:7
    at async.eachSeries (C:\Users\cadua\AppData\Roaming\npm\node_modules\loadbalancer\node_modules\async\lib\async.js:145:20)
    at go (C:\Users\cadua\AppData\Roaming\npm\node_modules\loadbalancer\node_modules\async\lib\async.js:1079:20)
    at _applyEach (C:\Users\cadua\AppData\Roaming\npm\node_modules\loadbalancer\node_modules\async\lib\async.js:1086:23)
    at Object.applyEachSeries (C:\Users\cadua\AppData\Roaming\npm\node_modules\loadbalancer\node_modules\async\lib\async.js:231:23)
    at LoadBalancer._verifyConnection (C:\Users\cadua\AppData\Roaming\npm\node_modules\loadbalancer\loadbalancer.js:223:9)
    at LoadBalancer._handleConnection (C:\Users\cadua\AppData\Roaming\npm\node_modules\loadbalancer\loadbalancer.js:277:8)
Error: There are no available targets
    at LoadBalancer._connectToTarget (C:\Users\cadua\AppData\Roaming\npm\node_modules\loadbalancer\loadbalancer.js:169:14)
    at C:\Users\cadua\AppData\Roaming\npm\node_modules\loadbalancer\loadbalancer.js:201:16
    at processTicksAndRejections (internal/process/task_queues.js:79:11)
Error: There are no available targets
    at LoadBalancer._connectToTarget (C:\Users\cadua\AppData\Roaming\npm\node_modules\loadbalancer\loadbalancer.js:169:14)
    at LoadBalancer._acceptConnection (C:\Users\cadua\AppData\Roaming\npm\node_modules\loadbalancer\loadbalancer.js:311:8)
    at C:\Users\cadua\AppData\Roaming\npm\node_modules\loadbalancer\loadbalancer.js:281:12
    at C:\Users\cadua\AppData\Roaming\npm\node_modules\loadbalancer\loadbalancer.js:228:7
    at async.eachSeries (C:\Users\cadua\AppData\Roaming\npm\node_modules\loadbalancer\node_modules\async\lib\async.js:145:20)
    at go (C:\Users\cadua\AppData\Roaming\npm\node_modules\loadbalancer\node_modules\async\lib\async.js:1079:20)
    at _applyEach (C:\Users\cadua\AppData\Roaming\npm\node_modules\loadbalancer\node_modules\async\lib\async.js:1086:23)
    at Object.applyEachSeries (C:\Users\cadua\AppData\Roaming\npm\node_modules\loadbalancer\node_modules\async\lib\async.js:231:23)
    at LoadBalancer._verifyConnection (C:\Users\cadua\AppData\Roaming\npm\node_modules\loadbalancer\loadbalancer.js:223:9)
    at LoadBalancer._handleConnection (C:\Users\cadua\AppData\Roaming\npm\node_modules\loadbalancer\loadbalancer.js:277:8)
Error: There are no available targets
    at LoadBalancer._connectToTarget (C:\Users\cadua\AppData\Roaming\npm\node_modules\loadbalancer\loadbalancer.js:169:14)
    at LoadBalancer._acceptConnection (C:\Users\cadua\AppData\Roaming\npm\node_modules\loadbalancer\loadbalancer.js:311:8)
    at C:\Users\cadua\AppData\Roaming\npm\node_modules\loadbalancer\loadbalancer.js:281:12
    at C:\Users\cadua\AppData\Roaming\npm\node_modules\loadbalancer\loadbalancer.js:228:7
    at async.eachSeries (C:\Users\cadua\AppData\Roaming\npm\node_modules\loadbalancer\node_modules\async\lib\async.js:145:20)
    at go (C:\Users\cadua\AppData\Roaming\npm\node_modules\loadbalancer\node_modules\async\lib\async.js:1079:20)
    at _applyEach (C:\Users\cadua\AppData\Roaming\npm\node_modules\loadbalancer\node_modules\async\lib\async.js:1086:23)
    at Object.applyEachSeries (C:\Users\cadua\AppData\Roaming\npm\node_modules\loadbalancer\node_modules\async\lib\async.js:231:23)
    at LoadBalancer._verifyConnection (C:\Users\cadua\AppData\Roaming\npm\node_modules\loadbalancer\loadbalancer.js:223:9)
    at LoadBalancer._handleConnection (C:\Users\cadua\AppData\Roaming\npm\node_modules\loadbalancer\loadbalancer.js:277:8)
Error: There are no available targets
    at LoadBalancer._connectToTarget (C:\Users\cadua\AppData\Roaming\npm\node_modules\loadbalancer\loadbalancer.js:169:14)
    at LoadBalancer._acceptConnection (C:\Users\cadua\AppData\Roaming\npm\node_modules\loadbalancer\loadbalancer.js:311:8)
    at C:\Users\cadua\AppData\Roaming\npm\node_modules\loadbalancer\loadbalancer.js:281:12
    at C:\Users\cadua\AppData\Roaming\npm\node_modules\loadbalancer\loadbalancer.js:228:7
    at async.eachSeries (C:\Users\cadua\AppData\Roaming\npm\node_modules\loadbalancer\node_modules\async\lib\async.js:145:20)
    at go (C:\Users\cadua\AppData\Roaming\npm\node_modules\loadbalancer\node_modules\async\lib\async.js:1079:20)
    at _applyEach (C:\Users\cadua\AppData\Roaming\npm\node_modules\loadbalancer\node_modules\async\lib\async.js:1086:23)
    at Object.applyEachSeries (C:\Users\cadua\AppData\Roaming\npm\node_modules\loadbalancer\node_modules\async\lib\async.js:231:23)
    at LoadBalancer._verifyConnection (C:\Users\cadua\AppData\Roaming\npm\node_modules\loadbalancer\loadbalancer.js:223:9)
    at LoadBalancer._handleConnection (C:\Users\cadua\AppData\Roaming\npm\node_modules\loadbalancer\loadbalancer.js:277:8)
Error: There are no available targets
    at LoadBalancer._connectToTarget (C:\Users\cadua\AppData\Roaming\npm\node_modules\loadbalancer\loadbalancer.js:169:14)
    at C:\Users\cadua\AppData\Roaming\npm\node_modules\loadbalancer\loadbalancer.js:201:16
    at processTicksAndRejections (internal/process/task_queues.js:79:11)
Error: There are no available targets
    at LoadBalancer._connectToTarget (C:\Users\cadua\AppData\Roaming\npm\node_modules\loadbalancer\loadbalancer.js:169:14)
    at LoadBalancer._acceptConnection (C:\Users\cadua\AppData\Roaming\npm\node_modules\loadbalancer\loadbalancer.js:311:8)
    at C:\Users\cadua\AppData\Roaming\npm\node_modules\loadbalancer\loadbalancer.js:281:12
    at C:\Users\cadua\AppData\Roaming\npm\node_modules\loadbalancer\loadbalancer.js:228:7
    at async.eachSeries (C:\Users\cadua\AppData\Roaming\npm\node_modules\loadbalancer\node_modules\async\lib\async.js:145:20)
    at go (C:\Users\cadua\AppData\Roaming\npm\node_modules\loadbalancer\node_modules\async\lib\async.js:1079:20)
    at _applyEach (C:\Users\cadua\AppData\Roaming\npm\node_modules\loadbalancer\node_modules\async\lib\async.js:1086:23)
    at Object.applyEachSeries (C:\Users\cadua\AppData\Roaming\npm\node_modules\loadbalancer\node_modules\async\lib\async.js:231:23)
    at LoadBalancer._verifyConnection (C:\Users\cadua\AppData\Roaming\npm\node_modules\loadbalancer\loadbalancer.js:223:9)
    at LoadBalancer._handleConnection (C:\Users\cadua\AppData\Roaming\npm\node_modules\loadbalancer\loadbalancer.js:277:8)
Error: There are no available targets
    at LoadBalancer._connectToTarget (C:\Users\cadua\AppData\Roaming\npm\node_modules\loadbalancer\loadbalancer.js:169:14)
    at LoadBalancer._acceptConnection (C:\Users\cadua\AppData\Roaming\npm\node_modules\loadbalancer\loadbalancer.js:311:8)
    at C:\Users\cadua\AppData\Roaming\npm\node_modules\loadbalancer\loadbalancer.js:281:12
    at C:\Users\cadua\AppData\Roaming\npm\node_modules\loadbalancer\loadbalancer.js:228:7
    at async.eachSeries (C:\Users\cadua\AppData\Roaming\npm\node_modules\loadbalancer\node_modules\async\lib\async.js:145:20)
    at go (C:\Users\cadua\AppData\Roaming\npm\node_modules\loadbalancer\node_modules\async\lib\async.js:1079:20)
    at _applyEach (C:\Users\cadua\AppData\Roaming\npm\node_modules\loadbalancer\node_modules\async\lib\async.js:1086:23)
    at Object.applyEachSeries (C:\Users\cadua\AppData\Roaming\npm\node_modules\loadbalancer\node_modules\async\lib\async.js:231:23)
    at LoadBalancer._verifyConnection (C:\Users\cadua\AppData\Roaming\npm\node_modules\loadbalancer\loadbalancer.js:223:9)
    at LoadBalancer._handleConnection (C:\Users\cadua\AppData\Roaming\npm\node_modules\loadbalancer\loadbalancer.js:277:8)
Error: There are no available targets
    at LoadBalancer._connectToTarget (C:\Users\cadua\AppData\Roaming\npm\node_modules\loadbalancer\loadbalancer.js:169:14)
    at LoadBalancer._acceptConnection (C:\Users\cadua\AppData\Roaming\npm\node_modules\loadbalancer\loadbalancer.js:311:8)
    at C:\Users\cadua\AppData\Roaming\npm\node_modules\loadbalancer\loadbalancer.js:281:12
    at C:\Users\cadua\AppData\Roaming\npm\node_modules\loadbalancer\loadbalancer.js:228:7
    at async.eachSeries (C:\Users\cadua\AppData\Roaming\npm\node_modules\loadbalancer\node_modules\async\lib\async.js:145:20)
    at go (C:\Users\cadua\AppData\Roaming\npm\node_modules\loadbalancer\node_modules\async\lib\async.js:1079:20)
    at _applyEach (C:\Users\cadua\AppData\Roaming\npm\node_modules\loadbalancer\node_modules\async\lib\async.js:1086:23)
    at Object.applyEachSeries (C:\Users\cadua\AppData\Roaming\npm\node_modules\loadbalancer\node_modules\async\lib\async.js:231:23)
    at LoadBalancer._verifyConnection (C:\Users\cadua\AppData\Roaming\npm\node_modules\loadbalancer\loadbalancer.js:223:9)
    at LoadBalancer._handleConnection (C:\Users\cadua\AppData\Roaming\npm\node_modules\loadbalancer\loadbalancer.js:277:8)
Error: There are no available targets
    at LoadBalancer._connectToTarget (C:\Users\cadua\AppData\Roaming\npm\node_modules\loadbalancer\loadbalancer.js:169:14)
    at LoadBalancer._acceptConnection (C:\Users\cadua\AppData\Roaming\npm\node_modules\loadbalancer\loadbalancer.js:311:8)
    at C:\Users\cadua\AppData\Roaming\npm\node_modules\loadbalancer\loadbalancer.js:281:12
    at C:\Users\cadua\AppData\Roaming\npm\node_modules\loadbalancer\loadbalancer.js:228:7
    at async.eachSeries (C:\Users\cadua\AppData\Roaming\npm\node_modules\loadbalancer\node_modules\async\lib\async.js:145:20)
    at go (C:\Users\cadua\AppData\Roaming\npm\node_modules\loadbalancer\node_modules\async\lib\async.js:1079:20)
    at _applyEach (C:\Users\cadua\AppData\Roaming\npm\node_modules\loadbalancer\node_modules\async\lib\async.js:1086:23)
    at Object.applyEachSeries (C:\Users\cadua\AppData\Roaming\npm\node_modules\loadbalancer\node_modules\async\lib\async.js:231:23)
    at LoadBalancer._verifyConnection (C:\Users\cadua\AppData\Roaming\npm\node_modules\loadbalancer\loadbalancer.js:223:9)
    at LoadBalancer._handleConnection (C:\Users\cadua\AppData\Roaming\npm\node_modules\loadbalancer\loadbalancer.js:277:8)
Error: There are no available targets
    at LoadBalancer._connectToTarget (C:\Users\cadua\AppData\Roaming\npm\node_modules\loadbalancer\loadbalancer.js:169:14)
    at LoadBalancer._acceptConnection (C:\Users\cadua\AppData\Roaming\npm\node_modules\loadbalancer\loadbalancer.js:311:8)
    at C:\Users\cadua\AppData\Roaming\npm\node_modules\loadbalancer\loadbalancer.js:281:12
    at C:\Users\cadua\AppData\Roaming\npm\node_modules\loadbalancer\loadbalancer.js:228:7
    at async.eachSeries (C:\Users\cadua\AppData\Roaming\npm\node_modules\loadbalancer\node_modules\async\lib\async.js:145:20)
    at go (C:\Users\cadua\AppData\Roaming\npm\node_modules\loadbalancer\node_modules\async\lib\async.js:1079:20)
    at _applyEach (C:\Users\cadua\AppData\Roaming\npm\node_modules\loadbalancer\node_modules\async\lib\async.js:1086:23)
    at Object.applyEachSeries (C:\Users\cadua\AppData\Roaming\npm\node_modules\loadbalancer\node_modules\async\lib\async.js:231:23)
    at LoadBalancer._verifyConnection (C:\Users\cadua\AppData\Roaming\npm\node_modules\loadbalancer\loadbalancer.js:223:9)
    at LoadBalancer._handleConnection (C:\Users\cadua\AppData\Roaming\npm\node_modules\loadbalancer\loadbalancer.js:277:8)
Error: There are no available targets
    at LoadBalancer._connectToTarget (C:\Users\cadua\AppData\Roaming\npm\node_modules\loadbalancer\loadbalancer.js:169:14)
    at LoadBalancer._acceptConnection (C:\Users\cadua\AppData\Roaming\npm\node_modules\loadbalancer\loadbalancer.js:311:8)
    at C:\Users\cadua\AppData\Roaming\npm\node_modules\loadbalancer\loadbalancer.js:281:12
    at C:\Users\cadua\AppData\Roaming\npm\node_modules\loadbalancer\loadbalancer.js:228:7
    at async.eachSeries (C:\Users\cadua\AppData\Roaming\npm\node_modules\loadbalancer\node_modules\async\lib\async.js:145:20)
    at go (C:\Users\cadua\AppData\Roaming\npm\node_modules\loadbalancer\node_modules\async\lib\async.js:1079:20)
    at _applyEach (C:\Users\cadua\AppData\Roaming\npm\node_modules\loadbalancer\node_modules\async\lib\async.js:1086:23)
    at Object.applyEachSeries (C:\Users\cadua\AppData\Roaming\npm\node_modules\loadbalancer\node_modules\async\lib\async.js:231:23)
    at LoadBalancer._verifyConnection (C:\Users\cadua\AppData\Roaming\npm\node_modules\loadbalancer\loadbalancer.js:223:9)
    at LoadBalancer._handleConnection (C:\Users\cadua\AppData\Roaming\npm\node_modules\loadbalancer\loadbalancer.js:277:8)
Error: There are no available targets
    at LoadBalancer._connectToTarget (C:\Users\cadua\AppData\Roaming\npm\node_modules\loadbalancer\loadbalancer.js:169:14)
    at LoadBalancer._acceptConnection (C:\Users\cadua\AppData\Roaming\npm\node_modules\loadbalancer\loadbalancer.js:311:8)
    at C:\Users\cadua\AppData\Roaming\npm\node_modules\loadbalancer\loadbalancer.js:281:12
    at C:\Users\cadua\AppData\Roaming\npm\node_modules\loadbalancer\loadbalancer.js:228:7
    at async.eachSeries (C:\Users\cadua\AppData\Roaming\npm\node_modules\loadbalancer\node_modules\async\lib\async.js:145:20)
    at go (C:\Users\cadua\AppData\Roaming\npm\node_modules\loadbalancer\node_modules\async\lib\async.js:1079:20)
    at _applyEach (C:\Users\cadua\AppData\Roaming\npm\node_modules\loadbalancer\node_modules\async\lib\async.js:1086:23)
    at Object.applyEachSeries (C:\Users\cadua\AppData\Roaming\npm\node_modules\loadbalancer\node_modules\async\lib\async.js:231:23)
    at LoadBalancer._verifyConnection (C:\Users\cadua\AppData\Roaming\npm\node_modules\loadbalancer\loadbalancer.js:223:9)
    at LoadBalancer._handleConnection (C:\Users\cadua\AppData\Roaming\npm\node_modules\loadbalancer\loadbalancer.js:277:8)
Error: There are no available targets
    at LoadBalancer._connectToTarget (C:\Users\cadua\AppData\Roaming\npm\node_modules\loadbalancer\loadbalancer.js:169:14)
    at LoadBalancer._acceptConnection (C:\Users\cadua\AppData\Roaming\npm\node_modules\loadbalancer\loadbalancer.js:311:8)
    at C:\Users\cadua\AppData\Roaming\npm\node_modules\loadbalancer\loadbalancer.js:281:12
    at C:\Users\cadua\AppData\Roaming\npm\node_modules\loadbalancer\loadbalancer.js:228:7
    at async.eachSeries (C:\Users\cadua\AppData\Roaming\npm\node_modules\loadbalancer\node_modules\async\lib\async.js:145:20)
    at go (C:\Users\cadua\AppData\Roaming\npm\node_modules\loadbalancer\node_modules\async\lib\async.js:1079:20)
    at _applyEach (C:\Users\cadua\AppData\Roaming\npm\node_modules\loadbalancer\node_modules\async\lib\async.js:1086:23)
    at Object.applyEachSeries (C:\Users\cadua\AppData\Roaming\npm\node_modules\loadbalancer\node_modules\async\lib\async.js:231:23)
    at LoadBalancer._verifyConnection (C:\Users\cadua\AppData\Roaming\npm\node_modules\loadbalancer\loadbalancer.js:223:9)
    at LoadBalancer._handleConnection (C:\Users\cadua\AppData\Roaming\npm\node_modules\loadbalancer\loadbalancer.js:277:8)
Error: There are no available targets
    at LoadBalancer._connectToTarget (C:\Users\cadua\AppData\Roaming\npm\node_modules\loadbalancer\loadbalancer.js:169:14)
    at LoadBalancer._acceptConnection (C:\Users\cadua\AppData\Roaming\npm\node_modules\loadbalancer\loadbalancer.js:311:8)
    at C:\Users\cadua\AppData\Roaming\npm\node_modules\loadbalancer\loadbalancer.js:281:12
    at C:\Users\cadua\AppData\Roaming\npm\node_modules\loadbalancer\loadbalancer.js:228:7
    at async.eachSeries (C:\Users\cadua\AppData\Roaming\npm\node_modules\loadbalancer\node_modules\async\lib\async.js:145:20)
    at go (C:\Users\cadua\AppData\Roaming\npm\node_modules\loadbalancer\node_modules\async\lib\async.js:1079:20)
    at _applyEach (C:\Users\cadua\AppData\Roaming\npm\node_modules\loadbalancer\node_modules\async\lib\async.js:1086:23)
    at Object.applyEachSeries (C:\Users\cadua\AppData\Roaming\npm\node_modules\loadbalancer\node_modules\async\lib\async.js:231:23)
    at LoadBalancer._verifyConnection (C:\Users\cadua\AppData\Roaming\npm\node_modules\loadbalancer\loadbalancer.js:223:9)
    at LoadBalancer._handleConnection (C:\Users\cadua\AppData\Roaming\npm\node_modules\loadbalancer\loadbalancer.js:277:8)
Error: There are no available targets
    at LoadBalancer._connectToTarget (C:\Users\cadua\AppData\Roaming\npm\node_modules\loadbalancer\loadbalancer.js:169:14)
    at LoadBalancer._acceptConnection (C:\Users\cadua\AppData\Roaming\npm\node_modules\loadbalancer\loadbalancer.js:311:8)
    at C:\Users\cadua\AppData\Roaming\npm\node_modules\loadbalancer\loadbalancer.js:281:12
    at C:\Users\cadua\AppData\Roaming\npm\node_modules\loadbalancer\loadbalancer.js:228:7
    at async.eachSeries (C:\Users\cadua\AppData\Roaming\npm\node_modules\loadbalancer\node_modules\async\lib\async.js:145:20)
    at go (C:\Users\cadua\AppData\Roaming\npm\node_modules\loadbalancer\node_modules\async\lib\async.js:1079:20)
    at _applyEach (C:\Users\cadua\AppData\Roaming\npm\node_modules\loadbalancer\node_modules\async\lib\async.js:1086:23)
    at Object.applyEachSeries (C:\Users\cadua\AppData\Roaming\npm\node_modules\loadbalancer\node_modules\async\lib\async.js:231:23)
    at LoadBalancer._verifyConnection (C:\Users\cadua\AppData\Roaming\npm\node_modules\loadbalancer\loadbalancer.js:223:9)
    at LoadBalancer._handleConnection (C:\Users\cadua\AppData\Roaming\npm\node_modules\loadbalancer\loadbalancer.js:277:8)
Error: There are no available targets
    at LoadBalancer._connectToTarget (C:\Users\cadua\AppData\Roaming\npm\node_modules\loadbalancer\loadbalancer.js:169:14)
    at C:\Users\cadua\AppData\Roaming\npm\node_modules\loadbalancer\loadbalancer.js:201:16
    at processTicksAndRejections (internal/process/task_queues.js:79:11)
Error: There are no available targets
    at LoadBalancer._connectToTarget (C:\Users\cadua\AppData\Roaming\npm\node_modules\loadbalancer\loadbalancer.js:169:14)
    at LoadBalancer._acceptConnection (C:\Users\cadua\AppData\Roaming\npm\node_modules\loadbalancer\loadbalancer.js:311:8)
    at C:\Users\cadua\AppData\Roaming\npm\node_modules\loadbalancer\loadbalancer.js:281:12
    at C:\Users\cadua\AppData\Roaming\npm\node_modules\loadbalancer\loadbalancer.js:228:7
    at async.eachSeries (C:\Users\cadua\AppData\Roaming\npm\node_modules\loadbalancer\node_modules\async\lib\async.js:145:20)
    at go (C:\Users\cadua\AppData\Roaming\npm\node_modules\loadbalancer\node_modules\async\lib\async.js:1079:20)
    at _applyEach (C:\Users\cadua\AppData\Roaming\npm\node_modules\loadbalancer\node_modules\async\lib\async.js:1086:23)
    at Object.applyEachSeries (C:\Users\cadua\AppData\Roaming\npm\node_modules\loadbalancer\node_modules\async\lib\async.js:231:23)
    at LoadBalancer._verifyConnection (C:\Users\cadua\AppData\Roaming\npm\node_modules\loadbalancer\loadbalancer.js:223:9)
    at LoadBalancer._handleConnection (C:\Users\cadua\AppData\Roaming\npm\node_modules\loadbalancer\loadbalancer.js:277:8)
Error: There are no available targets
    at LoadBalancer._connectToTarget (C:\Users\cadua\AppData\Roaming\npm\node_modules\loadbalancer\loadbalancer.js:169:14)
    at LoadBalancer._acceptConnection (C:\Users\cadua\AppData\Roaming\npm\node_modules\loadbalancer\loadbalancer.js:311:8)
    at C:\Users\cadua\AppData\Roaming\npm\node_modules\loadbalancer\loadbalancer.js:281:12
    at C:\Users\cadua\AppData\Roaming\npm\node_modules\loadbalancer\loadbalancer.js:228:7
    at async.eachSeries (C:\Users\cadua\AppData\Roaming\npm\node_modules\loadbalancer\node_modules\async\lib\async.js:145:20)
    at go (C:\Users\cadua\AppData\Roaming\npm\node_modules\loadbalancer\node_modules\async\lib\async.js:1079:20)
    at _applyEach (C:\Users\cadua\AppData\Roaming\npm\node_modules\loadbalancer\node_modules\async\lib\async.js:1086:23)
    at Object.applyEachSeries (C:\Users\cadua\AppData\Roaming\npm\node_modules\loadbalancer\node_modules\async\lib\async.js:231:23)
    at LoadBalancer._verifyConnection (C:\Users\cadua\AppData\Roaming\npm\node_modules\loadbalancer\loadbalancer.js:223:9)
    at LoadBalancer._handleConnection (C:\Users\cadua\AppData\Roaming\npm\node_modules\loadbalancer\loadbalancer.js:277:8)
Error: There are no available targets
    at LoadBalancer._connectToTarget (C:\Users\cadua\AppData\Roaming\npm\node_modules\loadbalancer\loadbalancer.js:169:14)
    at LoadBalancer._acceptConnection (C:\Users\cadua\AppData\Roaming\npm\node_modules\loadbalancer\loadbalancer.js:311:8)
    at C:\Users\cadua\AppData\Roaming\npm\node_modules\loadbalancer\loadbalancer.js:281:12
    at C:\Users\cadua\AppData\Roaming\npm\node_modules\loadbalancer\loadbalancer.js:228:7
    at async.eachSeries (C:\Users\cadua\AppData\Roaming\npm\node_modules\loadbalancer\node_modules\async\lib\async.js:145:20)
    at go (C:\Users\cadua\AppData\Roaming\npm\node_modules\loadbalancer\node_modules\async\lib\async.js:1079:20)
    at _applyEach (C:\Users\cadua\AppData\Roaming\npm\node_modules\loadbalancer\node_modules\async\lib\async.js:1086:23)
    at Object.applyEachSeries (C:\Users\cadua\AppData\Roaming\npm\node_modules\loadbalancer\node_modules\async\lib\async.js:231:23)
    at LoadBalancer._verifyConnection (C:\Users\cadua\AppData\Roaming\npm\node_modules\loadbalancer\loadbalancer.js:223:9)
    at LoadBalancer._handleConnection (C:\Users\cadua\AppData\Roaming\npm\node_modules\loadbalancer\loadbalancer.js:277:8)
Error: There are no available targets
    at LoadBalancer._connectToTarget (C:\Users\cadua\AppData\Roaming\npm\node_modules\loadbalancer\loadbalancer.js:169:14)
    at C:\Users\cadua\AppData\Roaming\npm\node_modules\loadbalancer\loadbalancer.js:201:16
    at processTicksAndRejections (internal/process/task_queues.js:79:11)
